<?xml version="1.0" encoding="UTF-8"?>
<!-- Generated by org.testng.reporters.JUnitReportReporter -->
<testsuite skipped="0" hostname="SRBGRZWM53" name="tests.MarketingQualifiedAndNewProductInterest" tests="1" failures="0" timestamp="2022-04-07T08:47:54 CEST" time="16.924" errors="1">
  <testcase name="marketingQualifiedAndNewProductInterest" time="16.924" classname="tests.MarketingQualifiedAndNewProductInterest">
    <error type="org.openqa.selenium.NoSuchElementException" message="no such element: Unable to locate element: {&quot;method&quot;:&quot;xpath&quot;,&quot;selector&quot;:&quot;/html/body/div[4]/div[1]/section/div[1]/div[2]/div[2]/div[1]/div/div/div/div[2]/div/one-record-home-flexipage2/forcegenerated-adg-rollup_component___force-generated__flexipage_-record-page___-c-p-a_-lead-remediation-project-contacts___-contact___-v-i-e-w/forcegenerated-flexipage_cpa_leadremediationprojectcontacts_contact__view_js/record_flexipage-record-page-decorator/div[1]/records-record-layout-event-broker/slot/slot/flexipage-record-home-template-desktop2/div/div[2]/div[2]/slot/flexipage-component2[3]/slot/flexipage-tabset2/div/lightning-tabset/div/slot/slot/flexipage-tab2[1]/slot/flexipage-component2/slot/flexipage-aura-wrapper/div/div/div[2]/div[1]/div[4]/div/div/div/ul/li/div/div/div[2]/div[2]/div[1]/div[1]/div/div[2]/div/div[1]/a&quot;}
  (Session info: chrome=100.0.4896.60)
For documentation on this error, please visit: https://www.seleniumhq.org/exceptions/no_such_element.html
Build info: version: &#039;3.141.59&#039;, revision: &#039;e82be7d358&#039;, time: &#039;2018-11-14T08:17:03&#039;
System info: host: &#039;SRBGRZWM53&#039;, ip: &#039;192.168.1.10&#039;, os.name: &#039;Windows 10&#039;, os.arch: &#039;amd64&#039;, os.version: &#039;10.0&#039;, java.version: &#039;1.8.0_261&#039;
Driver info: org.openqa.selenium.chrome.ChromeDriver
Capabilities {acceptInsecureCerts: false, browserName: chrome, browserVersion: 100.0.4896.60, chrome: {chromedriverVersion: 99.0.4844.51 (d537ec02474b5..., userDataDir: C:\Users\FJAKOV~1\AppData\L...}, goog:chromeOptions: {debuggerAddress: localhost:55203}, javascriptEnabled: true, networkConnectionEnabled: false, pageLoadStrategy: normal, platform: WINDOWS, platformName: WINDOWS, proxy: Proxy(), setWindowRect: true, strictFileInteractability: false, timeouts: {implicit: 0, pageLoad: 300000, script: 30000}, unhandledPromptBehavior: dismiss and notify, webauthn:extension:credBlob: true, webauthn:extension:largeBlob: true, webauthn:virtualAuthenticators: true}
Session ID: 5be610674383af90275485ce374cd3f8
*** Element info: {Using=xpath, value=/html/body/div[4]/div[1]/section/div[1]/div[2]/div[2]/div[1]/div/div/div/div[2]/div/one-record-home-flexipage2/forcegenerated-adg-rollup_component___force-generated__flexipage_-record-page___-c-p-a_-lead-remediation-project-contacts___-contact___-v-i-e-w/forcegenerated-flexipage_cpa_leadremediationprojectcontacts_contact__view_js/record_flexipage-record-page-decorator/div[1]/records-record-layout-event-broker/slot/slot/flexipage-record-home-template-desktop2/div/div[2]/div[2]/slot/flexipage-component2[3]/slot/flexipage-tabset2/div/lightning-tabset/div/slot/slot/flexipage-tab2[1]/slot/flexipage-component2/slot/flexipage-aura-wrapper/div/div/div[2]/div[1]/div[4]/div/div/div/ul/li/div/div/div[2]/div[2]/div[1]/div[1]/div/div[2]/div/div[1]/a}">
      <![CDATA[org.openqa.selenium.NoSuchElementException: no such element: Unable to locate element: {"method":"xpath","selector":"/html/body/div[4]/div[1]/section/div[1]/div[2]/div[2]/div[1]/div/div/div/div[2]/div/one-record-home-flexipage2/forcegenerated-adg-rollup_component___force-generated__flexipage_-record-page___-c-p-a_-lead-remediation-project-contacts___-contact___-v-i-e-w/forcegenerated-flexipage_cpa_leadremediationprojectcontacts_contact__view_js/record_flexipage-record-page-decorator/div[1]/records-record-layout-event-broker/slot/slot/flexipage-record-home-template-desktop2/div/div[2]/div[2]/slot/flexipage-component2[3]/slot/flexipage-tabset2/div/lightning-tabset/div/slot/slot/flexipage-tab2[1]/slot/flexipage-component2/slot/flexipage-aura-wrapper/div/div/div[2]/div[1]/div[4]/div/div/div/ul/li/div/div/div[2]/div[2]/div[1]/div[1]/div/div[2]/div/div[1]/a"}
  (Session info: chrome=100.0.4896.60)
For documentation on this error, please visit: https://www.seleniumhq.org/exceptions/no_such_element.html
Build info: version: '3.141.59', revision: 'e82be7d358', time: '2018-11-14T08:17:03'
System info: host: 'SRBGRZWM53', ip: '192.168.1.10', os.name: 'Windows 10', os.arch: 'amd64', os.version: '10.0', java.version: '1.8.0_261'
Driver info: org.openqa.selenium.chrome.ChromeDriver
Capabilities {acceptInsecureCerts: false, browserName: chrome, browserVersion: 100.0.4896.60, chrome: {chromedriverVersion: 99.0.4844.51 (d537ec02474b5..., userDataDir: C:\Users\FJAKOV~1\AppData\L...}, goog:chromeOptions: {debuggerAddress: localhost:55203}, javascriptEnabled: true, networkConnectionEnabled: false, pageLoadStrategy: normal, platform: WINDOWS, platformName: WINDOWS, proxy: Proxy(), setWindowRect: true, strictFileInteractability: false, timeouts: {implicit: 0, pageLoad: 300000, script: 30000}, unhandledPromptBehavior: dismiss and notify, webauthn:extension:credBlob: true, webauthn:extension:largeBlob: true, webauthn:virtualAuthenticators: true}
Session ID: 5be610674383af90275485ce374cd3f8
*** Element info: {Using=xpath, value=/html/body/div[4]/div[1]/section/div[1]/div[2]/div[2]/div[1]/div/div/div/div[2]/div/one-record-home-flexipage2/forcegenerated-adg-rollup_component___force-generated__flexipage_-record-page___-c-p-a_-lead-remediation-project-contacts___-contact___-v-i-e-w/forcegenerated-flexipage_cpa_leadremediationprojectcontacts_contact__view_js/record_flexipage-record-page-decorator/div[1]/records-record-layout-event-broker/slot/slot/flexipage-record-home-template-desktop2/div/div[2]/div[2]/slot/flexipage-component2[3]/slot/flexipage-tabset2/div/lightning-tabset/div/slot/slot/flexipage-tab2[1]/slot/flexipage-component2/slot/flexipage-aura-wrapper/div/div/div[2]/div[1]/div[4]/div/div/div/ul/li/div/div/div[2]/div[2]/div[1]/div[1]/div/div[2]/div/div[1]/a}
at sun.reflect.NativeConstructorAccessorImpl.newInstance0(Native Method)
at sun.reflect.NativeConstructorAccessorImpl.newInstance(NativeConstructorAccessorImpl.java:62)
at sun.reflect.DelegatingConstructorAccessorImpl.newInstance(DelegatingConstructorAccessorImpl.java:45)
at java.lang.reflect.Constructor.newInstance(Constructor.java:423)
at org.openqa.selenium.remote.http.W3CHttpResponseCodec.createException(W3CHttpResponseCodec.java:187)
at org.openqa.selenium.remote.http.W3CHttpResponseCodec.decode(W3CHttpResponseCodec.java:122)
at org.openqa.selenium.remote.http.W3CHttpResponseCodec.decode(W3CHttpResponseCodec.java:49)
at org.openqa.selenium.remote.HttpCommandExecutor.execute(HttpCommandExecutor.java:158)
at org.openqa.selenium.remote.service.DriverCommandExecutor.execute(DriverCommandExecutor.java:83)
at org.openqa.selenium.remote.RemoteWebDriver.execute(RemoteWebDriver.java:552)
at org.openqa.selenium.remote.RemoteWebDriver.findElement(RemoteWebDriver.java:323)
at org.openqa.selenium.remote.RemoteWebDriver.findElementByXPath(RemoteWebDriver.java:428)
at org.openqa.selenium.By$ByXPath.findElement(By.java:353)
at org.openqa.selenium.remote.RemoteWebDriver.findElement(RemoteWebDriver.java:315)
at pageObjects.ContactPage.mqcTask(ContactPage.java:131)
at tests.MarketingQualifiedAndNewProductInterest.marketingQualifiedAndNewProductInterest(MarketingQualifiedAndNewProductInterest.java:33)
at sun.reflect.NativeMethodAccessorImpl.invoke0(Native Method)
at sun.reflect.NativeMethodAccessorImpl.invoke(NativeMethodAccessorImpl.java:62)
at sun.reflect.DelegatingMethodAccessorImpl.invoke(DelegatingMethodAccessorImpl.java:43)
at java.lang.reflect.Method.invoke(Method.java:498)
at org.testng.internal.MethodInvocationHelper.invokeMethod(MethodInvocationHelper.java:132)
at org.testng.internal.TestInvoker.invokeMethod(TestInvoker.java:599)
at org.testng.internal.TestInvoker.invokeTestMethod(TestInvoker.java:174)
at org.testng.internal.MethodRunner.runInSequence(MethodRunner.java:46)
at org.testng.internal.TestInvoker$MethodInvocationAgent.invoke(TestInvoker.java:822)
at org.testng.internal.TestInvoker.invokeTestMethods(TestInvoker.java:147)
at org.testng.internal.TestMethodWorker.invokeTestMethods(TestMethodWorker.java:146)
at org.testng.internal.TestMethodWorker.run(TestMethodWorker.java:128)
at java.util.ArrayList.forEach(ArrayList.java:1259)
at org.testng.TestRunner.privateRun(TestRunner.java:764)
at org.testng.TestRunner.run(TestRunner.java:585)
at org.testng.SuiteRunner.runTest(SuiteRunner.java:384)
at org.testng.SuiteRunner.runSequentially(SuiteRunner.java:378)
at org.testng.SuiteRunner.privateRun(SuiteRunner.java:337)
at org.testng.SuiteRunner.run(SuiteRunner.java:286)
at org.testng.SuiteRunnerWorker.runSuite(SuiteRunnerWorker.java:53)
at org.testng.SuiteRunnerWorker.run(SuiteRunnerWorker.java:96)
at org.testng.TestNG.runSuitesSequentially(TestNG.java:1218)
at org.testng.TestNG.runSuitesLocally(TestNG.java:1140)
at org.testng.TestNG.runSuites(TestNG.java:1069)
at org.testng.TestNG.run(TestNG.java:1037)
at org.testng.remote.AbstractRemoteTestNG.run(AbstractRemoteTestNG.java:115)
at org.testng.remote.RemoteTestNG.initAndRun(RemoteTestNG.java:251)
at org.testng.remote.RemoteTestNG.main(RemoteTestNG.java:77)
]]>
    </error>
  </testcase> <!-- marketingQualifiedAndNewProductInterest -->
  <system-out/>
</testsuite> <!-- tests.MarketingQualifiedAndNewProductInterest -->
